<?xml version="1.0" encoding="UTF-8"?>
<!-- Generated by org.testng.reporters.JUnitXMLReporter -->
<testsuite ignored="0" hostname="LAPTOP-8S1146N8" failures="0" tests="4" name="Test" time="9.478" errors="0" timestamp="2025-04-24T11:40:00 IST">
  <testcase classname="testEndPoints.GoRestEndPointTest" name="testPostRequest" time="5.718"/>
  <testcase classname="testEndPoints.GoRestEndPointTest" name="testGetRequest" time="0.674"/>
  <testcase classname="testEndPoints.GoRestEndPointTest" name="testPatchRequest" time="0.992"/>
  <testcase classname="testEndPoints.GoRestEndPointTest" name="testDeleteRequest" time="2.012"/>
</testsuite> <!-- Test -->
