<?xml version="1.0" encoding="UTF-8"?>
<testng-results ignored="0" total="4" passed="4" failed="0" skipped="0">
  <reporter-output>
  </reporter-output>
  <suite started-at="2025-04-24T11:39:51 IST" name="Suite" finished-at="2025-04-24T11:40:00 IST" duration-ms="9478">
    <groups>
    </groups>
    <test started-at="2025-04-24T11:39:51 IST" name="Test" finished-at="2025-04-24T11:40:00 IST" duration-ms="9478">
      <class name="testEndPoints.GoRestEndPointTest">
        <test-method signature="testPostRequest()[pri:1, instance:testEndPoints.GoRestEndPointTest@62e20a76]" started-at="2025-04-24T11:39:51 IST" name="testPostRequest" finished-at="2025-04-24T11:39:57 IST" duration-ms="5718" status="PASS">
          <reporter-output>
          </reporter-output>
        </test-method> <!-- testPostRequest -->
        <test-method signature="testGetRequest()[pri:2, instance:testEndPoints.GoRestEndPointTest@62e20a76]" started-at="2025-04-24T11:39:57 IST" name="testGetRequest" finished-at="2025-04-24T11:39:57 IST" duration-ms="674" status="PASS">
          <reporter-output>
          </reporter-output>
        </test-method> <!-- testGetRequest -->
        <test-method signature="testPatchRequest()[pri:3, instance:testEndPoints.GoRestEndPointTest@62e20a76]" started-at="2025-04-24T11:39:57 IST" name="testPatchRequest" finished-at="2025-04-24T11:39:58 IST" duration-ms="992" status="PASS">
          <reporter-output>
          </reporter-output>
        </test-method> <!-- testPatchRequest -->
        <test-method signature="testDeleteRequest()[pri:4, instance:testEndPoints.GoRestEndPointTest@62e20a76]" started-at="2025-04-24T11:39:58 IST" name="testDeleteRequest" finished-at="2025-04-24T11:40:00 IST" duration-ms="2012" status="PASS">
          <reporter-output>
          </reporter-output>
        </test-method> <!-- testDeleteRequest -->
      </class> <!-- testEndPoints.GoRestEndPointTest -->
    </test> <!-- Test -->
  </suite> <!-- Suite -->
</testng-results>
